<?xml version="1.0" encoding="UTF-8"?>
<!-- Generated by org.testng.reporters.JUnitReportReporter -->
<testsuite skipped="0" hostname="DESKTOP-MLQSV5O" name="com.demo.testOne.DemoTestOne" tests="1" failures="0" timestamp="25 Feb 2019 16:48:45 GMT" time="2.230" errors="0">
  <testcase name="sample" time="2.230" classname="com.demo.testOne.DemoTestOne"/>
</testsuite> <!-- com.demo.testOne.DemoTestOne -->
