<?xml version="1.0" encoding="UTF-8"?>
<!-- Generated by org.testng.reporters.JUnitReportReporter -->
<testsuite skipped="0" hostname="DESKTOP-MLQSV5O" name="com.demo.testOne.PostCallDemo" tests="1" failures="0" timestamp="26 Feb 2019 15:19:43 GMT" time="4.414" errors="0">
  <testcase name="testNew" time="4.414" classname="com.demo.testOne.PostCallDemo"/>
</testsuite> <!-- com.demo.testOne.PostCallDemo -->
