<?xml version="1.0" encoding="UTF-8"?>
<!-- Generated by org.testng.reporters.JUnitReportReporter -->
<testsuite skipped="0" hostname="DESKTOP-MLQSV5O" name="com.demo.testOne.TestTwo" tests="1" failures="0" timestamp="26 Feb 2019 11:04:57 GMT" time="2.353" errors="0">
  <testcase name="samp" time="2.353" classname="com.demo.testOne.TestTwo"/>
</testsuite> <!-- com.demo.testOne.TestTwo -->
