<?xml version="1.0" encoding="UTF-8"?>
<!-- Generated by org.testng.reporters.JUnitReportReporter -->
<testsuite skipped="0" hostname="DESKTOP-MLQSV5O" name="com.demo.testOne.RandomTestOne" tests="1" failures="0" timestamp="01 Mar 2019 12:34:34 GMT" time="4.555" errors="0">
  <testcase name="putCall" time="4.555" classname="com.demo.testOne.RandomTestOne"/>
</testsuite> <!-- com.demo.testOne.RandomTestOne -->
